{"meta": {"format": 3, "version": "7.10.6", "timestamp": "2025-09-28T22:13:48.382090", "branch_coverage": false, "show_contexts": false}, "files": {"src/LLM_endpoint.py": {"executed_lines": [1, 8, 10, 11, 12, 15, 18, 20, 23, 25, 26, 27, 28, 29, 30, 31, 34, 35, 37, 41, 42, 43, 44, 45, 46, 49, 50, 51, 57, 58, 64, 68, 75, 81, 83, 84, 85, 86, 87, 89, 94, 96, 97, 99, 104, 105, 106, 108, 109, 110, 111, 113, 114, 115, 116, 117, 118, 119, 120, 121, 123, 124, 125, 126, 127, 128, 129, 130], "summary": {"covered_lines": 67, "num_statements": 70, "percent_covered": 95.71428571428571, "percent_covered_display": "96", "missing_lines": 3, "excluded_lines": 0}, "missing_lines": [90, 91, 132], "excluded_lines": [], "functions": {"_get_api_key": {"executed_lines": [20], "summary": {"covered_lines": 1, "num_statements": 1, "percent_covered": 100.0, "percent_covered_display": "100", "missing_lines": 0, "excluded_lines": 0}, "missing_lines": [], "excluded_lines": []}, "is_llm_available": {"executed_lines": [25, 26, 27, 28, 29, 30, 31], "summary": {"covered_lines": 7, "num_statements": 7, "percent_covered": 100.0, "percent_covered_display": "100", "missing_lines": 0, "excluded_lines": 0}, "missing_lines": [], "excluded_lines": []}, "_post_chat": {"executed_lines": [35, 37, 41, 42, 43, 44, 45, 46], "summary": {"covered_lines": 8, "num_statements": 8, "percent_covered": 100.0, "percent_covered_display": "100", "missing_lines": 0, "excluded_lines": 0}, "missing_lines": [], "excluded_lines": []}, "_build_prompt": {"executed_lines": [50, 51, 57, 58, 64, 68, 75], "summary": {"covered_lines": 7, "num_statements": 7, "percent_covered": 100.0, "percent_covered_display": "100", "missing_lines": 0, "excluded_lines": 0}, "missing_lines": [], "excluded_lines": []}, "_parse_choice_content": {"executed_lines": [83, 84, 85, 86, 87, 89], "summary": {"covered_lines": 6, "num_statements": 8, "percent_covered": 75.0, "percent_covered_display": "75", "missing_lines": 2, "excluded_lines": 0}, "missing_lines": [90, 91], "excluded_lines": []}, "score_with_llm": {"executed_lines": [96, 97, 99, 104, 105, 106, 108, 109, 110, 111, 113, 114, 115, 116, 117, 118, 119, 120, 121, 123, 124, 125, 126, 127, 128, 129, 130], "summary": {"covered_lines": 27, "num_statements": 28, "percent_covered": 96.42857142857143, "percent_covered_display": "96", "missing_lines": 1, "excluded_lines": 0}, "missing_lines": [132], "excluded_lines": []}, "": {"executed_lines": [1, 8, 10, 11, 12, 15, 18, 23, 34, 49, 81, 94], "summary": {"covered_lines": 11, "num_statements": 11, "percent_covered": 100.0, "percent_covered_display": "100", "missing_lines": 0, "excluded_lines": 0}, "missing_lines": [], "excluded_lines": []}}, "classes": {"": {"executed_lines": [1, 8, 10, 11, 12, 15, 18, 20, 23, 25, 26, 27, 28, 29, 30, 31, 34, 35, 37, 41, 42, 43, 44, 45, 46, 49, 50, 51, 57, 58, 64, 68, 75, 81, 83, 84, 85, 86, 87, 89, 94, 96, 97, 99, 104, 105, 106, 108, 109, 110, 111, 113, 114, 115, 116, 117, 118, 119, 120, 121, 123, 124, 125, 126, 127, 128, 129, 130], "summary": {"covered_lines": 67, "num_statements": 70, "percent_covered": 95.71428571428571, "percent_covered_display": "96", "missing_lines": 3, "excluded_lines": 0}, "missing_lines": [90, 91, 132], "excluded_lines": []}}}, "src/__init__.py": {"executed_lines": [0], "summary": {"covered_lines": 0, "num_statements": 0, "percent_covered": 100.0, "percent_covered_display": "100", "missing_lines": 0, "excluded_lines": 0}, "missing_lines": [], "excluded_lines": [], "functions": {"": {"executed_lines": [], "summary": {"covered_lines": 0, "num_statements": 0, "percent_covered": 100.0, "percent_covered_display": "100", "missing_lines": 0, "excluded_lines": 0}, "missing_lines": [], "excluded_lines": []}}, "classes": {"": {"executed_lines": [], "summary": {"covered_lines": 0, "num_statements": 0, "percent_covered": 100.0, "percent_covered_display": "100", "missing_lines": 0, "excluded_lines": 0}, "missing_lines": [], "excluded_lines": []}}}, "src/hf_api.py": {"executed_lines": [1, 2, 4, 7, 8, 9, 10, 13, 15, 16, 18, 21, 22, 23, 24, 31, 32, 36, 52], "summary": {"covered_lines": 19, "num_statements": 31, "percent_covered": 61.29032258064516, "percent_covered_display": "61", "missing_lines": 12, "excluded_lines": 0}, "missing_lines": [19, 33, 37, 38, 39, 41, 42, 43, 44, 45, 47, 53], "excluded_lines": [], "functions": {"HuggingFaceAPI.__init__": {"executed_lines": [9, 10, 13], "summary": {"covered_lines": 3, "num_statements": 3, "percent_covered": 100.0, "percent_covered_display": "100", "missing_lines": 0, "excluded_lines": 0}, "missing_lines": [], "excluded_lines": []}, "HuggingFaceAPI.get_model_info": {"executed_lines": [16], "summary": {"covered_lines": 1, "num_statements": 1, "percent_covered": 100.0, "percent_covered_display": "100", "missing_lines": 0, "excluded_lines": 0}, "missing_lines": [], "excluded_lines": []}, "HuggingFaceAPI.get_dataset_info": {"executed_lines": [], "summary": {"covered_lines": 0, "num_statements": 1, "percent_covered": 0.0, "percent_covered_display": "0", "missing_lines": 1, "excluded_lines": 0}, "missing_lines": [19], "excluded_lines": []}, "HuggingFaceAPI.get_model_metadata": {"executed_lines": [22, 23, 24, 31], "summary": {"covered_lines": 4, "num_statements": 4, "percent_covered": 100.0, "percent_covered_display": "100", "missing_lines": 0, "excluded_lines": 0}, "missing_lines": [], "excluded_lines": []}, "HuggingFaceAPI.list_repo_commits": {"executed_lines": [], "summary": {"covered_lines": 0, "num_statements": 1, "percent_covered": 0.0, "percent_covered_display": "0", "missing_lines": 1, "excluded_lines": 0}, "missing_lines": [33], "excluded_lines": []}, "test_connection": {"executed_lines": [], "summary": {"covered_lines": 0, "num_statements": 9, "percent_covered": 0.0, "percent_covered_display": "0", "missing_lines": 9, "excluded_lines": 0}, "missing_lines": [37, 38, 39, 41, 42, 43, 44, 45, 47], "excluded_lines": []}, "": {"executed_lines": [1, 2, 4, 7, 8, 15, 18, 21, 32, 36, 52], "summary": {"covered_lines": 11, "num_statements": 12, "percent_covered": 91.66666666666667, "percent_covered_display": "92", "missing_lines": 1, "excluded_lines": 0}, "missing_lines": [53], "excluded_lines": []}}, "classes": {"HuggingFaceAPI": {"executed_lines": [9, 10, 13, 16, 22, 23, 24, 31], "summary": {"covered_lines": 8, "num_statements": 10, "percent_covered": 80.0, "percent_covered_display": "80", "missing_lines": 2, "excluded_lines": 0}, "missing_lines": [19, 33], "excluded_lines": []}, "": {"executed_lines": [1, 2, 4, 7, 8, 15, 18, 21, 32, 36, 52], "summary": {"covered_lines": 11, "num_statements": 21, "percent_covered": 52.38095238095238, "percent_covered_display": "52", "missing_lines": 10, "excluded_lines": 0}, "missing_lines": [37, 38, 39, 41, 42, 43, 44, 45, 47, 53], "excluded_lines": []}}}, "src/logging_config.py": {"executed_lines": [1, 2, 5, 6, 8, 10, 11, 12, 13, 14, 16, 17], "summary": {"covered_lines": 12, "num_statements": 13, "percent_covered": 92.3076923076923, "percent_covered_display": "92", "missing_lines": 1, "excluded_lines": 0}, "missing_lines": [9], "excluded_lines": [], "functions": {"setup_logging": {"executed_lines": [6, 8, 10, 11, 12, 13, 14, 16, 17], "summary": {"covered_lines": 9, "num_statements": 10, "percent_covered": 90.0, "percent_covered_display": "90", "missing_lines": 1, "excluded_lines": 0}, "missing_lines": [9], "excluded_lines": []}, "": {"executed_lines": [1, 2, 5], "summary": {"covered_lines": 3, "num_statements": 3, "percent_covered": 100.0, "percent_covered_display": "100", "missing_lines": 0, "excluded_lines": 0}, "missing_lines": [], "excluded_lines": []}}, "classes": {"": {"executed_lines": [1, 2, 5, 6, 8, 10, 11, 12, 13, 14, 16, 17], "summary": {"covered_lines": 12, "num_statements": 13, "percent_covered": 92.3076923076923, "percent_covered_display": "92", "missing_lines": 1, "excluded_lines": 0}, "missing_lines": [9], "excluded_lines": []}}}, "src/metrics/__init__.py": {"executed_lines": [0], "summary": {"covered_lines": 0, "num_statements": 0, "percent_covered": 100.0, "percent_covered_display": "100", "missing_lines": 0, "excluded_lines": 0}, "missing_lines": [], "excluded_lines": [], "functions": {"": {"executed_lines": [], "summary": {"covered_lines": 0, "num_statements": 0, "percent_covered": 100.0, "percent_covered_display": "100", "missing_lines": 0, "excluded_lines": 0}, "missing_lines": [], "excluded_lines": []}}, "classes": {"": {"executed_lines": [], "summary": {"covered_lines": 0, "num_statements": 0, "percent_covered": 100.0, "percent_covered_display": "100", "missing_lines": 0, "excluded_lines": 0}, "missing_lines": [], "excluded_lines": []}}}, "src/metrics/bus_factor.py": {"executed_lines": [1, 2, 3, 4, 8, 13, 16, 17, 18, 19, 20, 21, 23, 24, 26, 28, 29, 30, 31, 36, 37, 39, 42, 47, 48, 49, 50, 51, 52, 54, 55, 56, 59, 65, 66, 67, 68, 71, 73, 74, 75, 77, 78, 79, 80, 81, 82, 83, 84, 86, 88], "summary": {"covered_lines": 51, "num_statements": 55, "percent_covered": 92.72727272727273, "percent_covered_display": "93", "missing_lines": 4, "excluded_lines": 0}, "missing_lines": [32, 33, 53, 89], "excluded_lines": [], "functions": {"_count_commits_by_author_api": {"executed_lines": [13, 16, 17, 18, 19, 20, 21, 23, 24, 26, 28, 29, 30, 31, 36, 37, 39], "summary": {"covered_lines": 17, "num_statements": 19, "percent_covered": 89.47368421052632, "percent_covered_display": "89", "missing_lines": 2, "excluded_lines": 0}, "missing_lines": [32, 33], "excluded_lines": []}, "_gini_from_counts": {"executed_lines": [47, 48, 49, 50, 51, 52, 54, 55, 56], "summary": {"covered_lines": 9, "num_statements": 10, "percent_covered": 90.0, "percent_covered_display": "90", "missing_lines": 1, "excluded_lines": 0}, "missing_lines": [53], "excluded_lines": []}, "compute_bus_factor_metric": {"executed_lines": [65, 66, 67, 68, 71, 73, 74, 75, 77, 78, 79, 80, 81, 82, 83, 84, 86], "summary": {"covered_lines": 17, "num_statements": 17, "percent_covered": 100.0, "percent_covered_display": "100", "missing_lines": 0, "excluded_lines": 0}, "missing_lines": [], "excluded_lines": []}, "": {"executed_lines": [1, 2, 3, 4, 8, 42, 59, 88], "summary": {"covered_lines": 8, "num_statements": 9, "percent_covered": 88.88888888888889, "percent_covered_display": "89", "missing_lines": 1, "excluded_lines": 0}, "missing_lines": [89], "excluded_lines": []}}, "classes": {"": {"executed_lines": [1, 2, 3, 4, 8, 13, 16, 17, 18, 19, 20, 21, 23, 24, 26, 28, 29, 30, 31, 36, 37, 39, 42, 47, 48, 49, 50, 51, 52, 54, 55, 56, 59, 65, 66, 67, 68, 71, 73, 74, 75, 77, 78, 79, 80, 81, 82, 83, 84, 86, 88], "summary": {"covered_lines": 51, "num_statements": 55, "percent_covered": 92.72727272727273, "percent_covered_display": "93", "missing_lines": 4, "excluded_lines": 0}, "missing_lines": [32, 33, 53, 89], "excluded_lines": []}}}, "src/metrics/code_quality.py": {"executed_lines": [1, 2, 5, 6, 7, 12, 13, 14, 15, 21, 33, 36, 37, 38, 48, 51, 54, 57, 58, 59, 60, 64, 65, 68, 69, 72, 73, 74, 75, 76], "summary": {"covered_lines": 30, "num_statements": 43, "percent_covered": 69.76744186046511, "percent_covered_display": "70", "missing_lines": 13, "excluded_lines": 0}, "missing_lines": [8, 9, 16, 17, 18, 39, 43, 44, 45, 46, 47, 61, 62], "excluded_lines": [], "functions": {"_safe_getattr": {"executed_lines": [6, 7], "summary": {"covered_lines": 2, "num_statements": 4, "percent_covered": 50.0, "percent_covered_display": "50", "missing_lines": 2, "excluded_lines": 0}, "missing_lines": [8, 9], "excluded_lines": []}, "_read_readme": {"executed_lines": [13, 14, 15], "summary": {"covered_lines": 3, "num_statements": 6, "percent_covered": 50.0, "percent_covered_display": "50", "missing_lines": 3, "excluded_lines": 0}, "missing_lines": [16, 17, 18], "excluded_lines": []}, "compute_code_quality_metric": {"executed_lines": [33, 36, 37, 38, 48, 51, 54, 57, 58, 59, 60, 64, 65, 68, 69, 72, 73, 74, 75, 76], "summary": {"covered_lines": 20, "num_statements": 28, "percent_covered": 71.42857142857143, "percent_covered_display": "71", "missing_lines": 8, "excluded_lines": 0}, "missing_lines": [39, 43, 44, 45, 46, 47, 61, 62], "excluded_lines": []}, "": {"executed_lines": [1, 2, 5, 12, 21], "summary": {"covered_lines": 5, "num_statements": 5, "percent_covered": 100.0, "percent_covered_display": "100", "missing_lines": 0, "excluded_lines": 0}, "missing_lines": [], "excluded_lines": []}}, "classes": {"": {"executed_lines": [1, 2, 5, 6, 7, 12, 13, 14, 15, 21, 33, 36, 37, 38, 48, 51, 54, 57, 58, 59, 60, 64, 65, 68, 69, 72, 73, 74, 75, 76], "summary": {"covered_lines": 30, "num_statements": 43, "percent_covered": 69.76744186046511, "percent_covered_display": "70", "missing_lines": 13, "excluded_lines": 0}, "missing_lines": [8, 9, 16, 17, 18, 39, 43, 44, 45, 46, 47, 61, 62], "excluded_lines": []}}}, "src/metrics/dataset_code_avail.py": {"executed_lines": [1, 2, 4, 7, 27, 33, 34, 35, 39, 40, 45, 47, 48, 50, 51, 55, 56, 59, 61, 67, 68, 70], "summary": {"covered_lines": 22, "num_statements": 35, "percent_covered": 62.857142857142854, "percent_covered_display": "63", "missing_lines": 13, "excluded_lines": 0}, "missing_lines": [9, 11, 12, 13, 14, 15, 17, 20, 21, 22, 23, 24, 65], "excluded_lines": [], "functions": {"_fetch_readme_content": {"executed_lines": [], "summary": {"covered_lines": 0, "num_statements": 12, "percent_covered": 0.0, "percent_covered_display": "0", "missing_lines": 12, "excluded_lines": 0}, "missing_lines": [9, 11, 12, 13, 14, 15, 17, 20, 21, 22, 23, 24], "excluded_lines": []}, "compute_dataset_code_avail_metric": {"executed_lines": [33, 34, 35, 39, 40, 45, 47, 48, 50, 51, 55, 56, 59, 61, 67, 68, 70], "summary": {"covered_lines": 17, "num_statements": 18, "percent_covered": 94.44444444444444, "percent_covered_display": "94", "missing_lines": 1, "excluded_lines": 0}, "missing_lines": [65], "excluded_lines": []}, "": {"executed_lines": [1, 2, 4, 7, 27], "summary": {"covered_lines": 5, "num_statements": 5, "percent_covered": 100.0, "percent_covered_display": "100", "missing_lines": 0, "excluded_lines": 0}, "missing_lines": [], "excluded_lines": []}}, "classes": {"": {"executed_lines": [1, 2, 4, 7, 27, 33, 34, 35, 39, 40, 45, 47, 48, 50, 51, 55, 56, 59, 61, 67, 68, 70], "summary": {"covered_lines": 22, "num_statements": 35, "percent_covered": 62.857142857142854, "percent_covered_display": "63", "missing_lines": 13, "excluded_lines": 0}, "missing_lines": [9, 11, 12, 13, 14, 15, 17, 20, 21, 22, 23, 24, 65], "excluded_lines": []}}}, "src/metrics/dataset_quality.py": {"executed_lines": [1, 2, 4, 7, 27, 35, 36, 41, 43, 44, 47, 48, 49, 51, 54, 56, 59, 61, 62, 64, 67], "summary": {"covered_lines": 21, "num_statements": 33, "percent_covered": 63.63636363636363, "percent_covered_display": "64", "missing_lines": 12, "excluded_lines": 0}, "missing_lines": [9, 11, 12, 13, 14, 15, 17, 20, 21, 22, 23, 24], "excluded_lines": [], "functions": {"_fetch_readme_content": {"executed_lines": [], "summary": {"covered_lines": 0, "num_statements": 12, "percent_covered": 0.0, "percent_covered_display": "0", "missing_lines": 12, "excluded_lines": 0}, "missing_lines": [9, 11, 12, 13, 14, 15, 17, 20, 21, 22, 23, 24], "excluded_lines": []}, "compute_dataset_quality_metric": {"executed_lines": [35, 36, 41, 43, 44, 47, 48, 49, 51, 54, 56, 59, 61, 62, 64, 67], "summary": {"covered_lines": 16, "num_statements": 16, "percent_covered": 100.0, "percent_covered_display": "100", "missing_lines": 0, "excluded_lines": 0}, "missing_lines": [], "excluded_lines": []}, "": {"executed_lines": [1, 2, 4, 7, 27], "summary": {"covered_lines": 5, "num_statements": 5, "percent_covered": 100.0, "percent_covered_display": "100", "missing_lines": 0, "excluded_lines": 0}, "missing_lines": [], "excluded_lines": []}}, "classes": {"": {"executed_lines": [1, 2, 4, 7, 27, 35, 36, 41, 43, 44, 47, 48, 49, 51, 54, 56, 59, 61, 62, 64, 67], "summary": {"covered_lines": 21, "num_statements": 33, "percent_covered": 63.63636363636363, "percent_covered_display": "64", "missing_lines": 12, "excluded_lines": 0}, "missing_lines": [9, 11, 12, 13, 14, 15, 17, 20, 21, 22, 23, 24], "excluded_lines": []}}}, "src/metrics/helpers/pull_model.py": {"executed_lines": [1, 2, 4, 6, 8, 14, 15, 16, 17, 18, 19, 20, 23, 26, 28, 29, 30, 33, 39, 40, 42, 43, 45, 47, 49, 50, 53, 54, 55, 56, 57, 59, 61, 62, 66, 67, 68, 69, 70, 71, 72, 73, 74, 75, 76, 77], "summary": {"covered_lines": 46, "num_statements": 46, "percent_covered": 100.0, "percent_covered_display": "100", "missing_lines": 0, "excluded_lines": 2}, "missing_lines": [], "excluded_lines": [9, 10], "functions": {"_get_client": {"executed_lines": [28, 29, 30], "summary": {"covered_lines": 3, "num_statements": 3, "percent_covered": 100.0, "percent_covered_display": "100", "missing_lines": 0, "excluded_lines": 0}, "missing_lines": [], "excluded_lines": []}, "pull_model_info": {"executed_lines": [39, 40, 42, 43, 45, 47, 49, 50, 53, 54, 55, 56, 57, 59, 61, 62], "summary": {"covered_lines": 16, "num_statements": 16, "percent_covered": 100.0, "percent_covered_display": "100", "missing_lines": 0, "excluded_lines": 0}, "missing_lines": [], "excluded_lines": []}, "get_url_type": {"executed_lines": [67, 68, 69, 70, 71, 72, 73, 74, 75, 76, 77], "summary": {"covered_lines": 11, "num_statements": 11, "percent_covered": 100.0, "percent_covered_display": "100", "missing_lines": 0, "excluded_lines": 0}, "missing_lines": [], "excluded_lines": []}, "": {"executed_lines": [1, 2, 4, 6, 8, 14, 15, 16, 17, 18, 19, 20, 23, 26, 33, 66], "summary": {"covered_lines": 16, "num_statements": 16, "percent_covered": 100.0, "percent_covered_display": "100", "missing_lines": 0, "excluded_lines": 2}, "missing_lines": [], "excluded_lines": [9, 10]}}, "classes": {"UrlType": {"executed_lines": [], "summary": {"covered_lines": 0, "num_statements": 0, "percent_covered": 100.0, "percent_covered_display": "100", "missing_lines": 0, "excluded_lines": 0}, "missing_lines": [], "excluded_lines": []}, "": {"executed_lines": [1, 2, 4, 6, 8, 14, 15, 16, 17, 18, 19, 20, 23, 26, 28, 29, 30, 33, 39, 40, 42, 43, 45, 47, 49, 50, 53, 54, 55, 56, 57, 59, 61, 62, 66, 67, 68, 69, 70, 71, 72, 73, 74, 75, 76, 77], "summary": {"covered_lines": 46, "num_statements": 46, "percent_covered": 100.0, "percent_covered_display": "100", "missing_lines": 0, "excluded_lines": 2}, "missing_lines": [], "excluded_lines": [9, 10]}}}, "src/metrics/license.py": {"executed_lines": [1, 2, 3, 5, 8, 10, 12, 13, 27, 28, 29, 32, 36, 45, 47, 48, 53, 55, 56, 57, 58, 60, 65, 66, 68, 70, 73, 76, 77, 78, 80, 82, 83, 85], "summary": {"covered_lines": 34, "num_statements": 42, "percent_covered": 80.95238095238095, "percent_covered_display": "81", "missing_lines": 8, "excluded_lines": 0}, "missing_lines": [14, 16, 17, 18, 20, 25, 26, 71], "excluded_lines": [], "functions": {"_fetch_readme_content": {"executed_lines": [10, 12, 13, 27, 28, 29], "summary": {"covered_lines": 6, "num_statements": 13, "percent_covered": 46.15384615384615, "percent_covered_display": "46", "missing_lines": 7, "excluded_lines": 0}, "missing_lines": [14, 16, 17, 18, 20, 25, 26], "excluded_lines": []}, "compute_license_metric": {"executed_lines": [36, 45, 47, 48, 53, 55, 56, 57, 58, 60, 65, 66, 68, 70, 73, 76, 77, 78, 80, 82, 83, 85], "summary": {"covered_lines": 22, "num_statements": 23, "percent_covered": 95.65217391304348, "percent_covered_display": "96", "missing_lines": 1, "excluded_lines": 0}, "missing_lines": [71], "excluded_lines": []}, "": {"executed_lines": [1, 2, 3, 5, 8, 32], "summary": {"covered_lines": 6, "num_statements": 6, "percent_covered": 100.0, "percent_covered_display": "100", "missing_lines": 0, "excluded_lines": 0}, "missing_lines": [], "excluded_lines": []}}, "classes": {"": {"executed_lines": [1, 2, 3, 5, 8, 10, 12, 13, 27, 28, 29, 32, 36, 45, 47, 48, 53, 55, 56, 57, 58, 60, 65, 66, 68, 70, 73, 76, 77, 78, 80, 82, 83, 85], "summary": {"covered_lines": 34, "num_statements": 42, "percent_covered": 80.95238095238095, "percent_covered_display": "81", "missing_lines": 8, "excluded_lines": 0}, "missing_lines": [14, 16, 17, 18, 20, 25, 26, 71], "excluded_lines": []}}}, "src/metrics/perf_claims.py": {"executed_lines": [1, 2, 3, 6, 7, 8, 9, 15, 22, 25, 26, 27, 34, 37, 41, 42, 43, 46, 47, 50, 51, 52, 53, 54, 58, 59, 60, 61, 62], "summary": {"covered_lines": 29, "num_statements": 40, "percent_covered": 72.5, "percent_covered_display": "72", "missing_lines": 11, "excluded_lines": 0}, "missing_lines": [10, 11, 12, 28, 29, 30, 31, 32, 33, 55, 56], "excluded_lines": [], "functions": {"_read_readme": {"executed_lines": [7, 8, 9], "summary": {"covered_lines": 3, "num_statements": 6, "percent_covered": 50.0, "percent_covered_display": "50", "missing_lines": 3, "excluded_lines": 0}, "missing_lines": [10, 11, 12], "excluded_lines": []}, "compute_perf_claims_metric": {"executed_lines": [22, 25, 26, 27, 34, 37, 41, 42, 43, 46, 47, 50, 51, 52, 53, 54, 58, 59, 60, 61, 62], "summary": {"covered_lines": 21, "num_statements": 29, "percent_covered": 72.41379310344827, "percent_covered_display": "72", "missing_lines": 8, "excluded_lines": 0}, "missing_lines": [28, 29, 30, 31, 32, 33, 55, 56], "excluded_lines": []}, "": {"executed_lines": [1, 2, 3, 6, 15], "summary": {"covered_lines": 5, "num_statements": 5, "percent_covered": 100.0, "percent_covered_display": "100", "missing_lines": 0, "excluded_lines": 0}, "missing_lines": [], "excluded_lines": []}}, "classes": {"": {"executed_lines": [1, 2, 3, 6, 7, 8, 9, 15, 22, 25, 26, 27, 34, 37, 41, 42, 43, 46, 47, 50, 51, 52, 53, 54, 58, 59, 60, 61, 62], "summary": {"covered_lines": 29, "num_statements": 40, "percent_covered": 72.5, "percent_covered_display": "72", "missing_lines": 11, "excluded_lines": 0}, "missing_lines": [10, 11, 12, 28, 29, 30, 31, 32, 33, 55, 56], "excluded_lines": []}}}, "src/metrics/ramp_up.py": {"executed_lines": [1, 2, 3, 5, 8, 10, 12, 13, 14, 15, 16, 18, 21, 22, 28, 34, 35, 36, 38, 41, 42, 45, 47], "summary": {"covered_lines": 23, "num_statements": 26, "percent_covered": 88.46153846153847, "percent_covered_display": "88", "missing_lines": 3, "excluded_lines": 0}, "missing_lines": [23, 24, 25], "excluded_lines": [], "functions": {"_fetch_readme_content": {"executed_lines": [10, 12, 13, 14, 15, 16, 18, 21, 22], "summary": {"covered_lines": 9, "num_statements": 12, "percent_covered": 75.0, "percent_covered_display": "75", "missing_lines": 3, "excluded_lines": 0}, "missing_lines": [23, 24, 25], "excluded_lines": []}, "compute_ramp_up_metric": {"executed_lines": [34, 35, 36, 38, 41, 42, 45, 47], "summary": {"covered_lines": 8, "num_statements": 8, "percent_covered": 100.0, "percent_covered_display": "100", "missing_lines": 0, "excluded_lines": 0}, "missing_lines": [], "excluded_lines": []}, "": {"executed_lines": [1, 2, 3, 5, 8, 28], "summary": {"covered_lines": 6, "num_statements": 6, "percent_covered": 100.0, "percent_covered_display": "100", "missing_lines": 0, "excluded_lines": 0}, "missing_lines": [], "excluded_lines": []}}, "classes": {"": {"executed_lines": [1, 2, 3, 5, 8, 10, 12, 13, 14, 15, 16, 18, 21, 22, 28, 34, 35, 36, 38, 41, 42, 45, 47], "summary": {"covered_lines": 23, "num_statements": 26, "percent_covered": 88.46153846153847, "percent_covered_display": "88", "missing_lines": 3, "excluded_lines": 0}, "missing_lines": [23, 24, 25], "excluded_lines": []}}}, "src/metrics/size.py": {"executed_lines": [1, 2, 3, 5, 7, 10, 12, 13, 14, 17, 18, 19, 20, 22, 23, 24, 26, 33, 34, 35, 36, 39, 41, 51, 52, 53, 55, 56, 57, 58, 59, 60, 61, 62, 63, 64, 67, 68, 71, 72, 74, 76, 77, 78, 81, 83, 84, 85, 86, 87, 88, 89, 90, 91, 92, 93, 96, 130, 131, 132, 133, 134, 135, 137, 138, 139, 140, 141, 142, 143, 144, 145, 146, 147, 148, 149, 151, 152, 153, 156, 158, 159, 160, 161, 162, 163, 164, 165, 169, 170, 171, 172, 173, 174, 175, 176, 177, 178, 179, 180, 182, 183, 184, 187, 189, 196, 199, 200, 203, 204, 205, 206, 209, 210, 213, 214, 216, 219, 220, 221, 222, 224], "summary": {"covered_lines": 122, "num_statements": 123, "percent_covered": 99.1869918699187, "percent_covered_display": "99", "missing_lines": 1, "excluded_lines": 0}, "missing_lines": [166], "excluded_lines": [], "functions": {"logistic_scale": {"executed_lines": [12, 13, 14], "summary": {"covered_lines": 3, "num_statements": 3, "percent_covered": 100.0, "percent_covered_display": "100", "missing_lines": 0, "excluded_lines": 0}, "missing_lines": [], "excluded_lines": []}, "_bytes_from_safetensors_params": {"executed_lines": [18, 19, 20, 22, 23, 24, 26, 33, 34, 35, 36], "summary": {"covered_lines": 11, "num_statements": 11, "percent_covered": 100.0, "percent_covered_display": "100", "missing_lines": 0, "excluded_lines": 0}, "missing_lines": [], "excluded_lines": []}, "_bytes_from_repo_files": {"executed_lines": [41, 51, 52, 53, 55, 56, 57, 58, 59, 60, 61, 62, 63, 64, 67, 68, 71, 72, 74, 76, 77, 78], "summary": {"covered_lines": 22, "num_statements": 22, "percent_covered": 100.0, "percent_covered_display": "100", "missing_lines": 0, "excluded_lines": 0}, "missing_lines": [], "excluded_lines": []}, "_bytes_from_dataset": {"executed_lines": [83, 84, 85, 86, 87, 88, 89, 90, 91, 92, 93, 96, 130, 131, 132, 133, 134, 135, 137, 138, 139, 140, 141, 142, 143, 144, 145, 146, 147, 148, 149, 151, 152, 153], "summary": {"covered_lines": 34, "num_statements": 34, "percent_covered": 100.0, "percent_covered_display": "100", "missing_lines": 0, "excluded_lines": 0}, "missing_lines": [], "excluded_lines": []}, "_bytes_from_space": {"executed_lines": [158, 159, 160, 161, 162, 163, 164, 165, 169, 170, 171, 172, 173, 174, 175, 176, 177, 178, 179, 180, 182, 183, 184], "summary": {"covered_lines": 23, "num_statements": 24, "percent_covered": 95.83333333333333, "percent_covered_display": "96", "missing_lines": 1, "excluded_lines": 0}, "missing_lines": [166], "excluded_lines": []}, "compute_size_metric": {"executed_lines": [189, 196, 199, 200, 203, 204, 205, 206, 209, 210, 213, 214, 216, 219, 220, 221, 222, 224], "summary": {"covered_lines": 18, "num_statements": 18, "percent_covered": 100.0, "percent_covered_display": "100", "missing_lines": 0, "excluded_lines": 0}, "missing_lines": [], "excluded_lines": []}, "": {"executed_lines": [1, 2, 3, 5, 7, 10, 17, 39, 81, 156, 187], "summary": {"covered_lines": 11, "num_statements": 11, "percent_covered": 100.0, "percent_covered_display": "100", "missing_lines": 0, "excluded_lines": 0}, "missing_lines": [], "excluded_lines": []}}, "classes": {"": {"executed_lines": [1, 2, 3, 5, 7, 10, 12, 13, 14, 17, 18, 19, 20, 22, 23, 24, 26, 33, 34, 35, 36, 39, 41, 51, 52, 53, 55, 56, 57, 58, 59, 60, 61, 62, 63, 64, 67, 68, 71, 72, 74, 76, 77, 78, 81, 83, 84, 85, 86, 87, 88, 89, 90, 91, 92, 93, 96, 130, 131, 132, 133, 134, 135, 137, 138, 139, 140, 141, 142, 143, 144, 145, 146, 147, 148, 149, 151, 152, 153, 156, 158, 159, 160, 161, 162, 163, 164, 165, 169, 170, 171, 172, 173, 174, 175, 176, 177, 178, 179, 180, 182, 183, 184, 187, 189, 196, 199, 200, 203, 204, 205, 206, 209, 210, 213, 214, 216, 219, 220, 221, 222, 224], "summary": {"covered_lines": 122, "num_statements": 123, "percent_covered": 99.1869918699187, "percent_covered_display": "99", "missing_lines": 1, "excluded_lines": 0}, "missing_lines": [166], "excluded_lines": []}}}, "src/models.py": {"executed_lines": [1, 3, 6, 7, 12, 13, 14, 15, 18, 19, 22, 25, 28, 31, 34, 37, 40, 44, 47, 53, 56, 57, 60, 63], "summary": {"covered_lines": 23, "num_statements": 23, "percent_covered": 100.0, "percent_covered_display": "100", "missing_lines": 0, "excluded_lines": 0}, "missing_lines": [], "excluded_lines": [], "functions": {"": {"executed_lines": [1, 3, 6, 7, 12, 13, 14, 15, 18, 19, 22, 25, 28, 31, 34, 37, 40, 44, 47, 53, 56, 57, 60, 63], "summary": {"covered_lines": 23, "num_statements": 23, "percent_covered": 100.0, "percent_covered_display": "100", "missing_lines": 0, "excluded_lines": 0}, "missing_lines": [], "excluded_lines": []}}, "classes": {"NDJsonOutput": {"executed_lines": [], "summary": {"covered_lines": 0, "num_statements": 0, "percent_covered": 100.0, "percent_covered_display": "100", "missing_lines": 0, "excluded_lines": 0}, "missing_lines": [], "excluded_lines": []}, "": {"executed_lines": [1, 3, 6, 7, 12, 13, 14, 15, 18, 19, 22, 25, 28, 31, 34, 37, 40, 44, 47, 53, 56, 57, 60, 63], "summary": {"covered_lines": 23, "num_statements": 23, "percent_covered": 100.0, "percent_covered_display": "100", "missing_lines": 0, "excluded_lines": 0}, "missing_lines": [], "excluded_lines": []}}}, "src/net_score.py": {"executed_lines": [1, 2, 5, 16, 19, 29, 30, 34, 35, 39, 41, 42, 43, 44, 46, 49, 52, 54, 55, 57], "summary": {"covered_lines": 20, "num_statements": 22, "percent_covered": 90.9090909090909, "percent_covered_display": "91", "missing_lines": 2, "excluded_lines": 0}, "missing_lines": [31, 45], "excluded_lines": [], "functions": {"calculate_net_score": {"executed_lines": [16, 19, 29, 30, 34, 35, 39, 41, 42, 43, 44, 46, 49, 52, 54, 55, 57], "summary": {"covered_lines": 17, "num_statements": 19, "percent_covered": 89.47368421052632, "percent_covered_display": "89", "missing_lines": 2, "excluded_lines": 0}, "missing_lines": [31, 45], "excluded_lines": []}, "": {"executed_lines": [1, 2, 5], "summary": {"covered_lines": 3, "num_statements": 3, "percent_covered": 100.0, "percent_covered_display": "100", "missing_lines": 0, "excluded_lines": 0}, "missing_lines": [], "excluded_lines": []}}, "classes": {"": {"executed_lines": [1, 2, 5, 16, 19, 29, 30, 34, 35, 39, 41, 42, 43, 44, 46, 49, 52, 54, 55, 57], "summary": {"covered_lines": 20, "num_statements": 22, "percent_covered": 90.9090909090909, "percent_covered_display": "91", "missing_lines": 2, "excluded_lines": 0}, "missing_lines": [31, 45], "excluded_lines": []}}}, "src/orchestrator.py": {"executed_lines": [1, 2, 3, 4, 7, 8, 9, 10, 11, 12, 13, 14, 15, 16, 19, 23, 24, 25, 37, 38, 39, 42, 46, 57, 58, 60, 61, 66, 67, 68, 69, 70, 71, 86, 87, 88, 90, 97, 98], "summary": {"covered_lines": 39, "num_statements": 50, "percent_covered": 78.0, "percent_covered_display": "78", "missing_lines": 11, "excluded_lines": 0}, "missing_lines": [26, 27, 28, 29, 30, 72, 73, 76, 77, 78, 79], "excluded_lines": [], "functions": {"_run_metric_with_timing": {"executed_lines": [23, 24, 25, 37, 38, 39], "summary": {"covered_lines": 6, "num_statements": 11, "percent_covered": 54.54545454545455, "percent_covered_display": "55", "missing_lines": 5, "excluded_lines": 0}, "missing_lines": [26, 27, 28, 29, 30], "excluded_lines": []}, "calculate_all_metrics": {"executed_lines": [46, 57, 58, 60, 61, 66, 67, 68, 69, 70, 71, 86, 87, 88, 90, 97, 98], "summary": {"covered_lines": 17, "num_statements": 23, "percent_covered": 73.91304347826087, "percent_covered_display": "74", "missing_lines": 6, "excluded_lines": 0}, "missing_lines": [72, 73, 76, 77, 78, 79], "excluded_lines": []}, "": {"executed_lines": [1, 2, 3, 4, 7, 8, 9, 10, 11, 12, 13, 14, 15, 16, 19, 42], "summary": {"covered_lines": 16, "num_statements": 16, "percent_covered": 100.0, "percent_covered_display": "100", "missing_lines": 0, "excluded_lines": 0}, "missing_lines": [], "excluded_lines": []}}, "classes": {"": {"executed_lines": [1, 2, 3, 4, 7, 8, 9, 10, 11, 12, 13, 14, 15, 16, 19, 23, 24, 25, 37, 38, 39, 42, 46, 57, 58, 60, 61, 66, 67, 68, 69, 70, 71, 86, 87, 88, 90, 97, 98], "summary": {"covered_lines": 39, "num_statements": 50, "percent_covered": 78.0, "percent_covered_display": "78", "missing_lines": 11, "excluded_lines": 0}, "missing_lines": [26, 27, 28, 29, 30, 72, 73, 76, 77, 78, 79], "excluded_lines": []}}}}, "totals": {"covered_lines": 558, "num_statements": 652, "percent_covered": 85.58282208588957, "percent_covered_display": "86", "missing_lines": 94, "excluded_lines": 2}}